  Determining projects to restore...
  All projects are up-to-date for restore.
  Cities2ManagedDir: g:\Games\Cities.Skylines.II.v1.5.3f1\Cities.Skylines.II.v1.5.3f1\game\Cities2_Data\Managed
  ReferencePath: g:\Games\Cities.Skylines.II.v1.5.3f1\Cities.Skylines.II.v1.5.3f1\game\Cities2_Data\Managed;
  Cities2ManagedDir: g:\Games\Cities.Skylines.II.v1.5.3f1\Cities.Skylines.II.v1.5.3f1\game\Cities2_Data\Managed
  ReferencePath: g:\Games\Cities.Skylines.II.v1.5.3f1\Cities.Skylines.II.v1.5.3f1\game\Cities2_Data\Managed;
  Cities2ManagedDir: g:\Games\Cities.Skylines.II.v1.5.3f1\Cities.Skylines.II.v1.5.3f1\game\Cities2_Data\Managed
  ReferencePath: g:\Games\Cities.Skylines.II.v1.5.3f1\Cities.Skylines.II.v1.5.3f1\game\Cities2_Data\Managed;
  CS2M.API -> G:\Games\Cities.Skylines.II.v1.5.3f1\Cities.Skylines.II.v1.5.3f1\game\CS2M\CS2M.API\bin\Debug\net472\CS2M.API.dll
C:\Program Files\dotnet\sdk\9.0.306\Microsoft.Common.CurrentVersion.targets(2433,5): warning MSB3245: Could not resolve this reference. Could not locate the assembly "Colossal.Logging". Check to make sure the assembly exists on disk. If this reference is required by your code, you may get compilation errors. [G:\Games\Cities.Skylines.II.v1.5.3f1\Cities.Skylines.II.v1.5.3f1\game\CS2M\CS2M.BaseGame\CS2M.BaseGame.csproj]
  CS2M.BaseGame -> G:\Games\Cities.Skylines.II.v1.5.3f1\Cities.Skylines.II.v1.5.3f1\game\CS2M\CS2M.BaseGame\bin\Debug\net472\CS2M.BaseGame.dll
  CS2M -> G:\Games\Cities.Skylines.II.v1.5.3f1\Cities.Skylines.II.v1.5.3f1\game\CS2M\CS2M\bin\Debug\net472\CS2M.dll
  Mod built successfully.
  Added assembly 'bin\Debug\net472\\CS2M.dll'
  Added assembly 'bin\Debug\net472\\LiteNetLib.dll'
  Added assembly 'bin\Debug\net472\\MessagePack.Annotations.dll'
  Added assembly 'bin\Debug\net472\\MessagePack.Attributeless.dll'
  Added assembly 'bin\Debug\net472\\MessagePack.dll'
  Added assembly 'bin\Debug\net472\\MessagePack.UnityShims.dll'
  Added assembly 'bin\Debug\net472\\Microsoft.Bcl.AsyncInterfaces.dll'
  Added assembly 'bin\Debug\net472\\Microsoft.NET.StringTools.dll'
  Added assembly 'bin\Debug\net472\\System.Buffers.dll'
  Added assembly 'bin\Debug\net472\\System.Collections.Immutable.dll'
  Added assembly 'bin\Debug\net472\\System.Memory.dll'
  Added assembly 'bin\Debug\net472\\System.Numerics.Vectors.dll'
  Added assembly 'bin\Debug\net472\\System.Runtime.CompilerServices.Unsafe.dll'
  Added assembly 'bin\Debug\net472\\System.Threading.Tasks.Extensions.dll'
G:\Games\Cities.Skylines.II.v1.5.3f1\Cities.Skylines.II.v1.5.3f1\game\CS2M\CS2M\CS2M.csproj(147,9): error : Unable to resolve assembly 'bin\Debug\net472\\System.Reflection.Emit.dll'

Build FAILED.

C:\Program Files\dotnet\sdk\9.0.306\Microsoft.Common.CurrentVersion.targets(2433,5): warning MSB3245: Could not resolve this reference. Could not locate the assembly "Colossal.Logging". Check to make sure the assembly exists on disk. If this reference is required by your code, you may get compilation errors. [G:\Games\Cities.Skylines.II.v1.5.3f1\Cities.Skylines.II.v1.5.3f1\game\CS2M\CS2M.BaseGame\CS2M.BaseGame.csproj]
G:\Games\Cities.Skylines.II.v1.5.3f1\Cities.Skylines.II.v1.5.3f1\game\CS2M\CS2M\CS2M.csproj(147,9): error : Unable to resolve assembly 'bin\Debug\net472\\System.Reflection.Emit.dll'
    1 Warning(s)
    1 Error(s)

Time Elapsed 00:00:00.97
